Smart.Library-library/app/build/outputs/mapping/debug/mapping.txt
# compiler: R8
# compiler_version: 3.2.60
# min_api: 24
# common_typos_disable
# {"id":"com.android.tools.r8.mapping","version":"2.0"}
# pg_map_id: ad54a4a
# pg_map_hash: SHA-256 ad54a4abb31bc634ac232a5d2979e7d6f980de850636867afeb21ac96381143b
es.upv.a3c.smartlibrary.AcercadeActivity -> es.upv.a3c.smartlibrary.AcercadeActivity:
    7:7:void <init>() -> <init>
    9:11:void onCreate(android.os.Bundle) -> onCreate
es.upv.a3c.smartlibrary.Cabinas -> es.upv.a3c.smartlibrary.Cabinas:
    10:10:void <init>() -> <init>
    13:14:void onCreate(android.os.Bundle) -> onCreate
    18:18:android.view.View onCreateView(android.view.LayoutInflater,android.view.ViewGroup,android.os.Bundle) -> onCreateView
es.upv.a3c.smartlibrary.EliminarUsuarioActivity -> es.upv.a3c.smartlibrary.EliminarUsuarioActivity:
    19:19:void <init>() -> <init>
    47:47:void continuarEliminarCuenta(android.view.View) -> continuarEliminarCuenta
    21:40:void onCreate(android.os.Bundle) -> onCreate
es.upv.a3c.smartlibrary.EliminarUsuarioActivity$1 -> es.upv.a3c.smartlibrary.EliminarUsuarioActivity$1:
    28:28:void <init>(es.upv.a3c.smartlibrary.EliminarUsuarioActivity) -> <init>
    30:31:void onClick(android.view.View) -> onClick
es.upv.a3c.smartlibrary.EliminarUsuarioActivity$2 -> es.upv.a3c.smartlibrary.EliminarUsuarioActivity$2:
    34:34:void <init>(es.upv.a3c.smartlibrary.EliminarUsuarioActivity) -> <init>
    37:37:void onClick(android.view.View) -> onClick
es.upv.a3c.smartlibrary.EstadisticasActivity -> es.upv.a3c.smartlibrary.EstadisticasActivity:
    7:7:void <init>() -> <init>
    10:12:void onCreate(android.os.Bundle) -> onCreate
es.upv.a3c.smartlibrary.Libros -> es.upv.a3c.smartlibrary.Libros:
    39:43:void <init>() -> <init>
    31:31:android.widget.SearchView access$000(es.upv.a3c.smartlibrary.Libros) -> access$000
    31:31:void access$100(es.upv.a3c.smartlibrary.Libros,java.lang.String,java.lang.String) -> access$100
    107:114:void escanear() -> escanear
    118:130:void onActivityResult(int,int,android.content.Intent) -> onActivityResult
    46:47:void onCreate(android.os.Bundle) -> onCreate
    51:91:android.view.View onCreateView(android.view.LayoutInflater,android.view.ViewGroup,android.os.Bundle) -> onCreateView
    95:101:void putISBN(java.lang.String,java.lang.String) -> putISBN
es.upv.a3c.smartlibrary.Libros$1 -> es.upv.a3c.smartlibrary.Libros$1:
    65:65:void <init>(es.upv.a3c.smartlibrary.Libros) -> <init>
    68:79:void onClick(android.view.View) -> onClick
es.upv.a3c.smartlibrary.Libros$2 -> es.upv.a3c.smartlibrary.Libros$2:
    85:85:void <init>(es.upv.a3c.smartlibrary.Libros) -> <init>
    88:89:void onClick(android.view.View) -> onClick
es.upv.a3c.smartlibrary.LoginActivity -> es.upv.a3c.smartlibrary.LoginActivity:
    27:29:void <init>() -> <init>
    39:65:void login() -> login
    69:94:void onActivityResult(int,int,android.content.Intent) -> onActivityResult
    33:36:void onCreate(android.os.Bundle) -> onCreate
es.upv.a3c.smartlibrary.MainActivity -> es.upv.a3c.smartlibrary.MainActivity:
    32:32:void <init>() -> <init>
    178:191:void cerrarSesion() -> cerrarSesion
    42:122:void onCreate(android.os.Bundle) -> onCreate
    129:135:boolean onCreateOptionsMenu(android.view.Menu) -> onCreateOptionsMenu
    145:169:boolean onOptionsItemSelected(android.view.MenuItem) -> onOptionsItemSelected
es.upv.a3c.smartlibrary.MainActivity$1 -> es.upv.a3c.smartlibrary.MainActivity$1:
    52:52:void <init>(es.upv.a3c.smartlibrary.MainActivity) -> <init>
    55:58:void onClick(android.view.View) -> onClick
es.upv.a3c.smartlibrary.MainActivity$2 -> es.upv.a3c.smartlibrary.MainActivity$2:
    62:62:void <init>(es.upv.a3c.smartlibrary.MainActivity) -> <init>
    65:68:void onClick(android.view.View) -> onClick
es.upv.a3c.smartlibrary.MainActivity$3 -> es.upv.a3c.smartlibrary.MainActivity$3:
    71:71:void <init>(es.upv.a3c.smartlibrary.MainActivity) -> <init>
    74:76:void onClick(android.view.View) -> onClick
es.upv.a3c.smartlibrary.MainActivity$4 -> es.upv.a3c.smartlibrary.MainActivity$4:
    88:88:void <init>(es.upv.a3c.smartlibrary.MainActivity) -> <init>
    91:93:void onConfigureTab(com.google.android.material.tabs.TabLayout$Tab,int) -> onConfigureTab
...
androidx.fragment.app.Fragment$3 -> androidx.fragment.app.Fragment$3:
    2777:2777:void <init>(androidx.fragment.app.Fragment,androidx.fragment.app.SpecialEffectsController) -> <init>
    2780:2781:void run() -> run
androidx.fragment.app.Fragment$4 -> androidx.fragment.app.Fragment$4:
    2896:2896:void <init>(androidx.fragment.app.Fragment) -> <init>
    2900:2904:android.view.View onFindViewById(int) -> onFindViewById
    2909:2909:boolean onHasView() -> onHasView
androidx.fragment.app.Fragment$5 -> androidx.fragment.app.Fragment$5:
    2936:2936:void <init>(androidx.fragment.app.Fragment) -> <init>
    2940:2945:void onStateChanged(androidx.lifecycle.LifecycleOwner,androidx.lifecycle.Lifecycle$Event) -> onStateChanged
androidx.fragment.app.Fragment$AnimationInfo -> androidx.fragment.app.Fragment$AnimationInfo:
    3558:3597:void <init>() -> <init>
androidx.fragment.app.Fragment$InstantiationException -> androidx.fragment.app.Fragment$InstantiationException:
    516:517:void <init>(java.lang.String,java.lang.Exception) -> <init>
androidx.fragment.app.Fragment$OnPreAttachedListener -> androidx.fragment.app.Fragment$OnPreAttachedListener:
    306:306:void <init>() -> <init>
androidx.fragment.app.Fragment$SavedState -> androidx.fragment.app.Fragment$SavedState:
    490:490:void <clinit>() -> <clinit>
    468:470:void <init>(android.os.Bundle) -> <init>
    472:477:void <init>(android.os.Parcel,java.lang.ClassLoader) -> <init>
    481:481:int describeContents() -> describeContents
    486:487:void writeToParcel(android.os.Parcel,int) -> writeToParcel
androidx.fragment.app.Fragment$SavedState$1 -> androidx.fragment.app.Fragment$SavedState$1:
    491:491:void <init>() -> <init>
    491:491:java.lang.Object createFromParcel(android.os.Parcel) -> createFromParcel
    491:491:java.lang.Object createFromParcel(android.os.Parcel,java.lang.ClassLoader) -> createFromParcel
    494:494:androidx.fragment.app.Fragment$SavedState createFromParcel(android.os.Parcel) -> createFromParcel
    499:499:androidx.fragment.app.Fragment$SavedState createFromParcel(android.os.Parcel,java.lang.ClassLoader) -> createFromParcel
    491:491:java.lang.Object[] newArray(int) -> newArray
    504:504:androidx.fragment.app.Fragment$SavedState[] newArray(int) -> newArray
androidx.fragment.app.FragmentActivity -> androidx.fragment.app.FragmentActivity:
    84:105:void <init>() -> <init>
    319:319:android.view.View dispatchFragmentsOnCreateView(android.view.View,java.lang.String,android.content.Context,android.util.AttributeSet) -> dispatchFragmentsOnCreateView
    562:576:void dump(java.lang.String,java.io.FileDescriptor,java.io.PrintWriter,java.lang.String[]) -> dump
    608:608:androidx.fragment.app.FragmentManager getSupportFragmentManager() -> getSupportFragmentManager
    618:618:androidx.loader.app.LoaderManager getSupportLoaderManager() -> getSupportLoaderManager
    125:153:void init() -> init
    823:825:void markFragmentsCreated() -> markFragmentsCreated
    828:848:boolean markState(androidx.fragment.app.FragmentManager,androidx.lifecycle.Lifecycle$State) -> markState
    163:165:void onActivityResult(int,int,android.content.Intent) -> onActivityResult
    600:600:void onAttachFragment(androidx.fragment.app.Fragment) -> onAttachFragment
    261:264:void onConfigurationChanged(android.content.res.Configuration) -> onConfigurationChanged
    273:277:void onCreate(android.os.Bundle) -> onCreate
    286:291:boolean onCreatePanelMenu(int,android.view.Menu) -> onCreatePanelMenu
    298:302:android.view.View onCreateView(android.view.View,java.lang.String,android.content.Context,android.util.AttributeSet) -> onCreateView
androidx.fragment.app.FragmentActivity$1 -> androidx.fragment.app.FragmentActivity$1:
    126:126:void <init>(androidx.fragment.app.FragmentActivity) -> <init>
    130:137:android.os.Bundle saveState() -> saveState