Smart.Library-library/app/build/outputs/mapping/debug/usage.txt
es.upv.a3c.smartlibrary.BuildConfig
es.upv.a3c.smartlibrary.Libros:
    android.widget.Spinner PrestamoLibros
es.upv.a3c.smartlibrary.LoginActivity:
    private static final int RC_SIGN_IN
es.upv.a3c.smartlibrary.MainActivity:
    android.widget.SearchView Buscar
    com.getbase.floatingactionbutton.FloatingActionButton fab3
    public void CodigoBarrasActivo()
es.upv.a3c.smartlibrary.R$color
es.upv.a3c.smartlibrary.R$drawable
es.upv.a3c.smartlibrary.R$id
es.upv.a3c.smartlibrary.R$layout
es.upv.a3c.smartlibrary.R$menu
es.upv.a3c.smartlibrary.R$mipmap
es.upv.a3c.smartlibrary.R$string
es.upv.a3c.smartlibrary.R$style
es.upv.a3c.smartlibrary.R$xml
es.upv.a3c.smartlibrary.R
...
kotlinx.coroutines.channels.ChannelIterator$DefaultImpls
kotlinx.coroutines.channels.ChannelIterator$next0$1
kotlinx.coroutines.channels.ChannelIterator
kotlinx.coroutines.channels.ChannelKt
kotlinx.coroutines.channels.ChannelResult$Closed
kotlinx.coroutines.channels.ChannelResult$Companion
kotlinx.coroutines.channels.ChannelResult$Failed
kotlinx.coroutines.channels.ChannelResult
kotlinx.coroutines.channels.ChannelsKt
kotlinx.coroutines.channels.ChannelsKt__ChannelsKt$sendBlocking$1
kotlinx.coroutines.channels.ChannelsKt__ChannelsKt$trySendBlocking$2
kotlinx.coroutines.channels.ChannelsKt__ChannelsKt
kotlinx.coroutines.channels.ChannelsKt__Channels_commonKt$consumeEach$1
kotlinx.coroutines.channels.ChannelsKt__Channels_commonKt$consumeEach$3
kotlinx.coroutines.channels.ChannelsKt__Channels_commonKt$toList$1
kotlinx.coroutines.channels.ChannelsKt__Channels_commonKt
kotlinx.coroutines.channels.ChannelsKt__DeprecatedKt$any$1
kotlinx.coroutines.channels.ChannelsKt__DeprecatedKt$consumes$1
kotlinx.coroutines.channels.ChannelsKt__DeprecatedKt$consumesAll$1
kotlinx.coroutines.channels.ChannelsKt__DeprecatedKt$count$1
kotlinx.coroutines.channels.ChannelsKt__DeprecatedKt$distinct$1
kotlinx.coroutines.channels.ChannelsKt__DeprecatedKt$distinctBy$1
kotlinx.coroutines.channels.ChannelsKt__DeprecatedKt$drop$1
kotlinx.coroutines.channels.ChannelsKt__DeprecatedKt$dropWhile$1
kotlinx.coroutines.channels.ChannelsKt__DeprecatedKt$elementAt$1
kotlinx.coroutines.channels.ChannelsKt__DeprecatedKt$elementAtOrNull$1
kotlinx.coroutines.channels.ChannelsKt__DeprecatedKt$filter$1
kotlinx.coroutines.channels.ChannelsKt__DeprecatedKt$filterIndexed$1
kotlinx.coroutines.channels.ChannelsKt__DeprecatedKt$filterNot$1
kotlinx.coroutines.channels.ChannelsKt__DeprecatedKt$filterNotNull$1
kotlinx.coroutines.channels.ChannelsKt__DeprecatedKt$filterNotNullTo$1
kotlinx.coroutines.channels.ChannelsKt__DeprecatedKt$filterNotNullTo$3
kotlinx.coroutines.channels.ChannelsKt__DeprecatedKt$first$1
kotlinx.coroutines.channels.ChannelsKt__DeprecatedKt$firstOrNull$1
kotlinx.coroutines.channels.ChannelsKt__DeprecatedKt$flatMap$1
kotlinx.coroutines.channels.ChannelsKt__DeprecatedKt$indexOf$1
kotlinx.coroutines.channels.ChannelsKt__DeprecatedKt$last$1
kotlinx.coroutines.channels.ChannelsKt__DeprecatedKt$lastIndexOf$1
kotlinx.coroutines.channels.ChannelsKt__DeprecatedKt$lastOrNull$1
kotlinx.coroutines.channels.ChannelsKt__DeprecatedKt$map$1
kotlinx.coroutines.channels.ChannelsKt__DeprecatedKt$mapIndexed$1
kotlinx.coroutines.channels.ChannelsKt__DeprecatedKt$maxWith$1
kotlinx.coroutines.channels.ChannelsKt__DeprecatedKt$minWith$1
kotlinx.coroutines.channels.ChannelsKt__DeprecatedKt$none$1
kotlinx.coroutines.channels.ChannelsKt__DeprecatedKt$requireNoNulls$1
kotlinx.coroutines.channels.ChannelsKt__DeprecatedKt$single$1
kotlinx.coroutines.channels.ChannelsKt__DeprecatedKt$singleOrNull$1
kotlinx.coroutines.channels.ChannelsKt__DeprecatedKt$take$1
kotlinx.coroutines.channels.ChannelsKt__DeprecatedKt$takeWhile$1
kotlinx.coroutines.channels.ChannelsKt__DeprecatedKt$toChannel$1
kotlinx.coroutines.channels.ChannelsKt__DeprecatedKt$toCollection$1
kotlinx.coroutines.channels.ChannelsKt__DeprecatedKt$toMap$2
kotlinx.coroutines.channels.ChannelsKt__DeprecatedKt$withIndex$1
kotlinx.coroutines.channels.ChannelsKt__DeprecatedKt$zip$1
kotlinx.coroutines.channels.ChannelsKt__DeprecatedKt$zip$2
kotlinx.coroutines.channels.ChannelsKt__DeprecatedKt
kotlinx.coroutines.channels.Closed
kotlinx.coroutines.channels.ClosedReceiveChannelException
kotlinx.coroutines.channels.ClosedSendChannelException
kotlinx.coroutines.channels.ConflatedBroadcastChannel$Closed
kotlinx.coroutines.channels.ConflatedBroadcastChannel$Companion
kotlinx.coroutines.channels.ConflatedBroadcastChannel$State
kotlinx.coroutines.channels.ConflatedBroadcastChannel$Subscriber
kotlinx.coroutines.channels.ConflatedBroadcastChannel$onSend$1
kotlinx.coroutines.channels.ConflatedBroadcastChannel
kotlinx.coroutines.channels.ConflatedChannel